<?xml version="1.0" encoding="UTF-8"?>
<testng-results ignored="0" total="3" passed="3" failed="0" skipped="0">
  <reporter-output>
  </reporter-output>
  <suite started-at="2023-04-24T17:52:39 EAST" name="Suite" finished-at="2023-04-24T17:52:50 EAST" duration-ms="11326">
    <groups>
    </groups>
    <test started-at="2023-04-24T17:52:39 EAST" name="TestVerify1" finished-at="2023-04-24T17:52:42 EAST" duration-ms="3268">
      <class name="crossbrowser.Verification">
        <test-method is-config="true" signature="begin(java.lang.String)[pri:0, instance:crossbrowser.Verification@196a42c3]" started-at="2023-04-24T17:52:39 EAST" name="begin" finished-at="2023-04-24T17:52:41 EAST" duration-ms="2406" status="PASS">
          <params>
            <param index="0">
              <value>
                <![CDATA[chrome]]>
              </value>
            </param>
          </params>
          <reporter-output>
          </reporter-output>
        </test-method> <!-- begin -->
        <test-method signature="home()[pri:0, instance:crossbrowser.Verification@196a42c3]" started-at="2023-04-24T17:52:41 EAST" name="home" finished-at="2023-04-24T17:52:42 EAST" duration-ms="610" status="PASS">
          <reporter-output>
          </reporter-output>
        </test-method> <!-- home -->
        <test-method is-config="true" signature="efinish()[pri:0, instance:crossbrowser.Verification@196a42c3]" started-at="2023-04-24T17:52:42 EAST" name="efinish" finished-at="2023-04-24T17:52:42 EAST" duration-ms="217" status="PASS">
          <reporter-output>
          </reporter-output>
        </test-method> <!-- efinish -->
      </class> <!-- crossbrowser.Verification -->
    </test> <!-- TestVerify1 -->
    <test started-at="2023-04-24T17:52:42 EAST" name="TestVerify2" finished-at="2023-04-24T17:52:47 EAST" duration-ms="4481">
      <class name="crossbrowser.Verification">
        <test-method is-config="true" signature="begin(java.lang.String)[pri:0, instance:crossbrowser.Verification@7c37508a]" started-at="2023-04-24T17:52:42 EAST" name="begin" finished-at="2023-04-24T17:52:45 EAST" duration-ms="2831" status="PASS">
          <params>
            <param index="0">
              <value>
                <![CDATA[firefox]]>
              </value>
            </param>
          </params>
          <reporter-output>
          </reporter-output>
        </test-method> <!-- begin -->
        <test-method signature="home()[pri:0, instance:crossbrowser.Verification@7c37508a]" started-at="2023-04-24T17:52:45 EAST" name="home" finished-at="2023-04-24T17:52:46 EAST" duration-ms="858" status="PASS">
          <reporter-output>
          </reporter-output>
        </test-method> <!-- home -->
        <test-method is-config="true" signature="efinish()[pri:0, instance:crossbrowser.Verification@7c37508a]" started-at="2023-04-24T17:52:46 EAST" name="efinish" finished-at="2023-04-24T17:52:47 EAST" duration-ms="787" status="PASS">
          <reporter-output>
          </reporter-output>
        </test-method> <!-- efinish -->
      </class> <!-- crossbrowser.Verification -->
    </test> <!-- TestVerify2 -->
    <test started-at="2023-04-24T17:52:47 EAST" name="TestVerify3" finished-at="2023-04-24T17:52:50 EAST" duration-ms="3535">
      <class name="crossbrowser.Verification">
        <test-method is-config="true" signature="begin(java.lang.String)[pri:0, instance:crossbrowser.Verification@303cf2ba]" started-at="2023-04-24T17:52:47 EAST" name="begin" finished-at="2023-04-24T17:52:49 EAST" duration-ms="2631" status="PASS">
          <params>
            <param index="0">
              <value>
                <![CDATA[edge]]>
              </value>
            </param>
          </params>
          <reporter-output>
          </reporter-output>
        </test-method> <!-- begin -->
        <test-method signature="home()[pri:0, instance:crossbrowser.Verification@303cf2ba]" started-at="2023-04-24T17:52:49 EAST" name="home" finished-at="2023-04-24T17:52:50 EAST" duration-ms="663" status="PASS">
          <reporter-output>
          </reporter-output>
        </test-method> <!-- home -->
        <test-method is-config="true" signature="efinish()[pri:0, instance:crossbrowser.Verification@303cf2ba]" started-at="2023-04-24T17:52:50 EAST" name="efinish" finished-at="2023-04-24T17:52:50 EAST" duration-ms="237" status="PASS">
          <reporter-output>
          </reporter-output>
        </test-method> <!-- efinish -->
      </class> <!-- crossbrowser.Verification -->
    </test> <!-- TestVerify3 -->
  </suite> <!-- Suite -->
</testng-results>
